<?xml version="1.0" encoding="UTF-8"?>
<testng-results skipped="0" failed="0" ignored="0" total="1" passed="1">
  <reporter-output>
  </reporter-output>
  <suite name="Suite" duration-ms="48" started-at="2019-03-03T23:19:46Z" finished-at="2019-03-03T23:19:46Z">
    <groups>
    </groups>
    <test name="Test" duration-ms="48" started-at="2019-03-03T23:19:46Z" finished-at="2019-03-03T23:19:46Z">
      <class name="com.mycompany.app.ModuleTest">
        <test-method status="PASS" signature="Opener1()[pri:0, instance:com.mycompany.app.ModuleTest@7225790e]" name="Opener1" duration-ms="10" started-at="2019-03-03T23:19:46Z" finished-at="2019-03-03T23:19:46Z">
          <reporter-output>
          </reporter-output>
        </test-method> <!-- Opener1 -->
      </class> <!-- com.mycompany.app.ModuleTest -->
    </test> <!-- Test -->
  </suite> <!-- Suite -->
</testng-results>
