<?xml version="1.0" encoding="UTF-8"?>
<testng-results skipped="0" failed="0" ignored="0" total="1" passed="1">
  <reporter-output>
  </reporter-output>
  <suite name="Default suite" duration-ms="67" started-at="2019-03-03T07:49:04Z" finished-at="2019-03-03T07:49:04Z">
    <groups>
    </groups>
    <test name="Default test" duration-ms="67" started-at="2019-03-03T07:49:04Z" finished-at="2019-03-03T07:49:04Z">
      <class name="com.mycompany.app.Module">
        <test-method status="PASS" signature="Opener1()[pri:0, instance:com.mycompany.app.Module@464bee09]" name="Opener1" duration-ms="17" started-at="2019-03-03T07:49:04Z" finished-at="2019-03-03T07:49:04Z">
          <reporter-output>
          </reporter-output>
        </test-method> <!-- Opener1 -->
      </class> <!-- com.mycompany.app.Module -->
    </test> <!-- Default test -->
  </suite> <!-- Default suite -->
</testng-results>
